0 info it worked if it ends with ok
1 verbose cli [ 'C:\\Program Files\\nodejs\\node.exe',
1 verbose cli   'C:\\Users\\yq\\AppData\\Roaming\\npm\\node_modules\\cnpm\\node_modules\\npm\\bin\\npm-cli.js',
1 verbose cli   '--userconfig=C:\\Users\\yq\\.cnpmrc',
1 verbose cli   '--disturl=https://npm.taobao.org/mirrors/node',
1 verbose cli   '--cache=C:\\Users\\yq\\.cnpm',
1 verbose cli   '--registry=https://registry.npm.taobao.org',
1 verbose cli   '--node-gyp=C:\\Users\\yq\\AppData\\Roaming\\npm\\node_modules\\cnpm\\node_modules\\node-gyp\\bin\\node-gyp.js',
1 verbose cli   'install',
1 verbose cli   'supervisor',
1 verbose cli   '-g' ]
2 info using npm@2.14.20
3 info using node@v4.3.1
4 verbose install initial load of C:\Program Files\nodejs\package.json
5 verbose readDependencies loading dependencies from C:\Program Files\nodejs\package.json
6 silly cache add args [ 'supervisor', null ]
7 verbose cache add spec supervisor
8 silly cache add parsed spec Result {
8 silly cache add   raw: 'supervisor',
8 silly cache add   scope: null,
8 silly cache add   name: 'supervisor',
8 silly cache add   rawSpec: '',
8 silly cache add   spec: 'latest',
8 silly cache add   type: 'tag' }
9 silly addNamed supervisor@latest
10 verbose addNamed "latest" is being treated as a dist-tag for supervisor
11 info addNameTag [ 'supervisor', 'latest' ]
12 silly mapToRegistry name supervisor
13 silly mapToRegistry using default registry
14 silly mapToRegistry registry https://registry.npm.taobao.org/
15 silly mapToRegistry uri https://registry.npm.taobao.org/supervisor
16 verbose addNameTag registry:https://registry.npm.taobao.org/supervisor not in flight; fetching
17 verbose request uri https://registry.npm.taobao.org/supervisor
18 verbose request no auth needed
19 info attempt registry request try #1 at 03:23:37
20 verbose request id b78d3d45b497adf1
21 http request GET https://registry.npm.taobao.org/supervisor
22 http 200 https://registry.npm.taobao.org/supervisor
23 verbose headers { date: 'Thu, 25 Feb 2016 03:23:43 GMT',
23 verbose headers   'content-type': 'application/json; charset=utf-8',
23 verbose headers   'content-length': '64529',
23 verbose headers   connection: 'keep-alive',
23 verbose headers   etag: '"fc11-F6yirrUqfR7/k+oJWRWH5A"',
23 verbose headers   'x-readtime': '38' }
24 silly get cb [ 200,
24 silly get   { date: 'Thu, 25 Feb 2016 03:23:43 GMT',
24 silly get     'content-type': 'application/json; charset=utf-8',
24 silly get     'content-length': '64529',
24 silly get     connection: 'keep-alive',
24 silly get     etag: '"fc11-F6yirrUqfR7/k+oJWRWH5A"',
24 silly get     'x-readtime': '38' } ]
25 verbose get saving supervisor to C:\Users\yq\.cnpm\registry.npm.taobao.org\supervisor\.cache.json
26 verbose correctMkdir C:\Users\yq\.cnpm correctMkdir not in flight; initializing
27 verbose makeDirectory C:\Users\yq\.cnpm creation not in flight; initializing
28 verbose makeCacheDir UID & GID are irrelevant on win32
29 silly addNameTag next cb for supervisor with tag latest
30 silly addNamed supervisor@0.9.1
31 verbose addNamed "0.9.1" is a plain semver version for supervisor
32 silly mapToRegistry name supervisor
33 silly mapToRegistry using default registry
34 silly mapToRegistry registry https://registry.npm.taobao.org/
35 silly mapToRegistry uri https://registry.npm.taobao.org/supervisor
36 verbose addRemoteTarball https://registry.npm.taobao.org/supervisor/download/supervisor-0.9.1.tgz not in flight; adding
37 verbose addRemoteTarball [ 'https://registry.npm.taobao.org/supervisor/download/supervisor-0.9.1.tgz',
37 verbose addRemoteTarball   '8931ec8154a8fe6354abe4eb488e56bc7173ffdc' ]
38 info retry fetch attempt 1 at 03:23:37
39 info attempt registry request try #1 at 03:23:37
40 http fetch GET https://registry.npm.taobao.org/supervisor/download/supervisor-0.9.1.tgz
41 http fetch 200 https://registry.npm.taobao.org/supervisor/download/supervisor-0.9.1.tgz
42 silly fetchAndShaCheck shasum 8931ec8154a8fe6354abe4eb488e56bc7173ffdc
43 verbose addTmpTarball C:\Users\yq\AppData\Local\Temp\npm-2860-c741416c\registry.npm.taobao.org\supervisor\download\supervisor-0.9.1.tgz not in flight; adding
44 verbose addTmpTarball already have metadata; skipping unpack for supervisor@0.9.1
45 verbose correctMkdir C:\Users\yq\.cnpm correctMkdir not in flight; initializing
46 silly cache afterAdd supervisor@0.9.1
47 verbose afterAdd C:\Users\yq\.cnpm\supervisor\0.9.1\package\package.json not in flight; writing
48 verbose correctMkdir C:\Users\yq\.cnpm correctMkdir not in flight; initializing
49 verbose afterAdd C:\Users\yq\.cnpm\supervisor\0.9.1\package\package.json written
50 silly install resolved [ { name: 'supervisor',
50 silly install resolved     version: '0.9.1',
50 silly install resolved     description: 'A supervisor program for running nodejs programs',
50 silly install resolved     author: { name: 'Isaac Z. Schlueter', email: 'i@izs.me' },
50 silly install resolved     contributors:
50 silly install resolved      [ [Object],
50 silly install resolved        [Object],
50 silly install resolved        [Object],
50 silly install resolved        [Object],
50 silly install resolved        [Object],
50 silly install resolved        [Object],
50 silly install resolved        [Object],
50 silly install resolved        [Object],
50 silly install resolved        [Object],
50 silly install resolved        [Object],
50 silly install resolved        [Object],
50 silly install resolved        [Object],
50 silly install resolved        [Object],
50 silly install resolved        [Object],
50 silly install resolved        [Object],
50 silly install resolved        [Object],
50 silly install resolved        [Object],
50 silly install resolved        [Object],
50 silly install resolved        [Object],
50 silly install resolved        [Object],
50 silly install resolved        [Object],
50 silly install resolved        [Object],
50 silly install resolved        [Object],
50 silly install resolved        [Object],
50 silly install resolved        [Object],
50 silly install resolved        [Object],
50 silly install resolved        [Object] ],
50 silly install resolved     repository:
50 silly install resolved      { type: 'git',
50 silly install resolved        url: 'git://github.com/petruisfan/node-supervisor.git' },
50 silly install resolved     bugs: { url: 'https://github.com/petruisfan/node-supervisor/issues' },
50 silly install resolved     homepage: 'https://github.com/petruisfan/node-supervisor/',
50 silly install resolved     main: 'lib/supervisor.js',
50 silly install resolved     bin:
50 silly install resolved      { 'node-supervisor': 'lib/cli-wrapper.js',
50 silly install resolved        supervisor: 'lib/cli-wrapper.js' },
50 silly install resolved     engines: { node: '>=0.6.0' },
50 silly install resolved     preferGlobal: true,
50 silly install resolved     gitHead: 'b4ba66718f232fe071022080488a977f31a69a12',
50 silly install resolved     _id: 'supervisor@0.9.1',
50 silly install resolved     scripts: {},
50 silly install resolved     _shasum: '8931ec8154a8fe6354abe4eb488e56bc7173ffdc',
50 silly install resolved     _from: 'supervisor@latest',
50 silly install resolved     _npmVersion: '2.1.16',
50 silly install resolved     _nodeVersion: '0.10.35',
50 silly install resolved     _npmUser: { name: 'petruisfan', email: 'petru.isfan@gmail.com' },
50 silly install resolved     dist:
50 silly install resolved      { shasum: '8931ec8154a8fe6354abe4eb488e56bc7173ffdc',
50 silly install resolved        size: 7233,
50 silly install resolved        noattachment: false,
50 silly install resolved        tarball: 'http://registry.npm.taobao.org/supervisor/download/supervisor-0.9.1.tgz' },
50 silly install resolved     maintainers: [ [Object], [Object], [Object] ],
50 silly install resolved     directories: {},
50 silly install resolved     publish_time: 1443279589410,
50 silly install resolved     _cnpm_publish_time: 1443279589410,
50 silly install resolved     _resolved: 'https://registry.npm.taobao.org/supervisor/download/supervisor-0.9.1.tgz' } ]
51 info install supervisor@0.9.1 into C:\Program Files\nodejs
52 info installOne supervisor@0.9.1
53 verbose installOne of supervisor to C:\Program Files\nodejs not in flight; installing
54 verbose correctMkdir C:\Users\yq\.cnpm\_locks correctMkdir not in flight; initializing
55 verbose makeDirectory C:\Users\yq\.cnpm\_locks creation not in flight; initializing
56 verbose makeCacheDir UID & GID are irrelevant on win32
57 verbose lock using C:\Users\yq\.cnpm\_locks\supervisor-9cc48d7678148825.lock for C:\Program Files\nodejs\node_modules\supervisor
58 silly install write writing supervisor 0.9.1 to C:\Program Files\nodejs\node_modules\supervisor
59 verbose unbuild node_modules\supervisor
60 silly gentlyRm C:\Program Files\nodejs\node_modules\supervisor is being purged from base C:\Program Files\nodejs
61 verbose gentlyRm don't care about contents; nuking C:\Program Files\nodejs\node_modules\supervisor
62 verbose tar unpack C:\Users\yq\.cnpm\supervisor\0.9.1\package.tgz
63 verbose tar unpacking to C:\Program Files\nodejs\node_modules\supervisor
64 silly gentlyRm C:\Program Files\nodejs\node_modules\supervisor is being purged
65 verbose gentlyRm don't care about contents; nuking C:\Program Files\nodejs\node_modules\supervisor
66 silly gunzTarPerm modes [ '777', '666' ]
67 error tar.unpack untar error C:\Users\yq\.cnpm\supervisor\0.9.1\package.tgz
68 verbose unlock done using C:\Users\yq\.cnpm\_locks\supervisor-9cc48d7678148825.lock for C:\Program Files\nodejs\node_modules\supervisor
69 verbose fstream_path C:\Program Files\nodejs\node_modules\supervisor
70 verbose fstream_type Directory
71 verbose fstream_class DirWriter
72 verbose stack Error: EPERM: operation not permitted, mkdir 'C:\Program Files\nodejs\node_modules\supervisor'
72 verbose stack     at Error (native)
73 verbose fstream_stack C:\Users\yq\AppData\Roaming\npm\node_modules\cnpm\node_modules\npm\node_modules\fstream\lib\dir-writer.js:35:25
73 verbose fstream_stack C:\Users\yq\AppData\Roaming\npm\node_modules\cnpm\node_modules\npm\node_modules\mkdirp\index.js:47:53
73 verbose fstream_stack FSReqWrap.oncomplete (fs.js:82:15)
74 verbose cwd E:\git_res\yqExpress
75 error Windows_NT 10.0.10565
76 error argv "C:\\Program Files\\nodejs\\node.exe" "C:\\Users\\yq\\AppData\\Roaming\\npm\\node_modules\\cnpm\\node_modules\\npm\\bin\\npm-cli.js" "--userconfig=C:\\Users\\yq\\.cnpmrc" "--disturl=https://npm.taobao.org/mirrors/node" "--cache=C:\\Users\\yq\\.cnpm" "--registry=https://registry.npm.taobao.org" "--node-gyp=C:\\Users\\yq\\AppData\\Roaming\\npm\\node_modules\\cnpm\\node_modules\\node-gyp\\bin\\node-gyp.js" "install" "supervisor" "-g"
77 error node v4.3.1
78 error npm  v2.14.20
79 error path C:\Program Files\nodejs\node_modules\supervisor
80 error code EPERM
81 error errno -4048
82 error syscall mkdir
83 error Error: EPERM: operation not permitted, mkdir 'C:\Program Files\nodejs\node_modules\supervisor'
83 error     at Error (native)
83 error  { [Error: EPERM: operation not permitted, mkdir 'C:\Program Files\nodejs\node_modules\supervisor']
83 error   errno: -4048,
83 error   code: 'EPERM',
83 error   syscall: 'mkdir',
83 error   path: 'C:\\Program Files\\nodejs\\node_modules\\supervisor',
83 error   fstream_type: 'Directory',
83 error   fstream_path: 'C:\\Program Files\\nodejs\\node_modules\\supervisor',
83 error   fstream_class: 'DirWriter',
83 error   fstream_stack:
83 error    [ 'C:\\Users\\yq\\AppData\\Roaming\\npm\\node_modules\\cnpm\\node_modules\\npm\\node_modules\\fstream\\lib\\dir-writer.js:35:25',
83 error      'C:\\Users\\yq\\AppData\\Roaming\\npm\\node_modules\\cnpm\\node_modules\\npm\\node_modules\\mkdirp\\index.js:47:53',
83 error      'FSReqWrap.oncomplete (fs.js:82:15)' ] }
84 error Please try running this command again as root/Administrator.
85 verbose exit [ -4048, true ]
86 verbose unbuild node_modules\supervisor
87 silly gentlyRm C:\Program Files\nodejs\node_modules\supervisor is being purged from base C:\Program Files\nodejs
88 verbose gentlyRm don't care about contents; nuking C:\Program Files\nodejs\node_modules\supervisor
