0 info it worked if it ends with ok
1 verbose cli [ 'C:\\Program Files\\nodejs\\node.exe',
1 verbose cli   'C:\\Users\\yq\\AppData\\Roaming\\npm\\node_modules\\cnpm\\node_modules\\npm\\bin\\npm-cli.js',
1 verbose cli   '--userconfig=C:\\Users\\yq\\.cnpmrc',
1 verbose cli   '--disturl=https://npm.taobao.org/mirrors/node',
1 verbose cli   '--cache=C:\\Users\\yq\\.cnpm',
1 verbose cli   '--registry=https://registry.npm.taobao.org',
1 verbose cli   '--node-gyp=C:\\Users\\yq\\AppData\\Roaming\\npm\\node_modules\\cnpm\\node_modules\\node-gyp\\bin\\node-gyp.js',
1 verbose cli   'install',
1 verbose cli   'bower',
1 verbose cli   '-g' ]
2 info using npm@2.14.20
3 info using node@v4.3.1
4 verbose install initial load of C:\Program Files\nodejs\package.json
5 verbose readDependencies loading dependencies from C:\Program Files\nodejs\package.json
6 silly cache add args [ 'bower', null ]
7 verbose cache add spec bower
8 silly cache add parsed spec Result {
8 silly cache add   raw: 'bower',
8 silly cache add   scope: null,
8 silly cache add   name: 'bower',
8 silly cache add   rawSpec: '',
8 silly cache add   spec: 'latest',
8 silly cache add   type: 'tag' }
9 silly addNamed bower@latest
10 verbose addNamed "latest" is being treated as a dist-tag for bower
11 info addNameTag [ 'bower', 'latest' ]
12 silly mapToRegistry name bower
13 silly mapToRegistry using default registry
14 silly mapToRegistry registry https://registry.npm.taobao.org/
15 silly mapToRegistry uri https://registry.npm.taobao.org/bower
16 verbose addNameTag registry:https://registry.npm.taobao.org/bower not in flight; fetching
17 verbose request uri https://registry.npm.taobao.org/bower
18 verbose request no auth needed
19 info attempt registry request try #1 at 18:28:44
20 verbose request id e35750ed5f3ba236
21 http request GET https://registry.npm.taobao.org/bower
22 http 200 https://registry.npm.taobao.org/bower
23 verbose headers { date: 'Mon, 29 Feb 2016 10:29:07 GMT',
23 verbose headers   'content-type': 'application/json; charset=utf-8',
23 verbose headers   'content-length': '193887',
23 verbose headers   connection: 'keep-alive',
23 verbose headers   etag: '"2f55f-3dkC50mX17BPgV1ZyMviqA"',
23 verbose headers   'x-readtime': '141' }
24 silly get cb [ 200,
24 silly get   { date: 'Mon, 29 Feb 2016 10:29:07 GMT',
24 silly get     'content-type': 'application/json; charset=utf-8',
24 silly get     'content-length': '193887',
24 silly get     connection: 'keep-alive',
24 silly get     etag: '"2f55f-3dkC50mX17BPgV1ZyMviqA"',
24 silly get     'x-readtime': '141' } ]
25 verbose get saving bower to C:\Users\yq\.cnpm\registry.npm.taobao.org\bower\.cache.json
26 verbose correctMkdir C:\Users\yq\.cnpm correctMkdir not in flight; initializing
27 silly addNameTag next cb for bower with tag latest
28 silly addNamed bower@1.7.7
29 verbose addNamed "1.7.7" is a plain semver version for bower
30 silly mapToRegistry name bower
31 silly mapToRegistry using default registry
32 silly mapToRegistry registry https://registry.npm.taobao.org/
33 silly mapToRegistry uri https://registry.npm.taobao.org/bower
34 verbose addRemoteTarball https://registry.npm.taobao.org/bower/download/bower-1.7.7.tgz not in flight; adding
35 verbose addRemoteTarball [ 'https://registry.npm.taobao.org/bower/download/bower-1.7.7.tgz',
35 verbose addRemoteTarball   '2fd7ff3ebdcba5a8ffcd84c397c8fdfe9f825f92' ]
36 info retry fetch attempt 1 at 18:28:45
37 info attempt registry request try #1 at 18:28:45
38 http fetch GET https://registry.npm.taobao.org/bower/download/bower-1.7.7.tgz
39 http fetch 200 https://registry.npm.taobao.org/bower/download/bower-1.7.7.tgz
40 silly fetchAndShaCheck shasum 2fd7ff3ebdcba5a8ffcd84c397c8fdfe9f825f92
41 verbose addTmpTarball C:\Users\yq\AppData\Local\Temp\npm-2364-4bfe3de2\registry.npm.taobao.org\bower\download\bower-1.7.7.tgz not in flight; adding
42 verbose addTmpTarball already have metadata; skipping unpack for bower@1.7.7
43 verbose correctMkdir C:\Users\yq\.cnpm correctMkdir not in flight; initializing
44 silly cache afterAdd bower@1.7.7
45 verbose afterAdd C:\Users\yq\.cnpm\bower\1.7.7\package\package.json not in flight; writing
46 verbose correctMkdir C:\Users\yq\.cnpm correctMkdir not in flight; initializing
47 verbose afterAdd C:\Users\yq\.cnpm\bower\1.7.7\package\package.json written
48 silly install resolved [ { name: 'bower',
48 silly install resolved     version: '1.7.7',
48 silly install resolved     description: 'The browser package manager',
48 silly install resolved     author: { name: 'Twitter' },
48 silly install resolved     license: 'MIT',
48 silly install resolved     repository: { type: 'git', url: 'git+https://github.com/bower/bower.git' },
48 silly install resolved     main: 'lib',
48 silly install resolved     bin: { bower: 'bin/bower' },
48 silly install resolved     homepage: 'http://bower.io',
48 silly install resolved     engines: { node: '>=0.10.0' },
48 silly install resolved     keywords: [ 'bower' ],
48 silly install resolved     files: [ 'bin', 'lib' ],
48 silly install resolved     bugs: { url: 'https://github.com/bower/bower/issues' },
48 silly install resolved     _id: 'bower@1.7.7',
48 silly install resolved     scripts: {},
48 silly install resolved     _shasum: '2fd7ff3ebdcba5a8ffcd84c397c8fdfe9f825f92',
48 silly install resolved     _from: 'bower@latest',
48 silly install resolved     _npmVersion: '3.5.3',
48 silly install resolved     _nodeVersion: '4.1.1',
48 silly install resolved     _npmUser: { name: 'sheerun', email: 'sheerun@sher.pl' },
48 silly install resolved     dist:
48 silly install resolved      { shasum: '2fd7ff3ebdcba5a8ffcd84c397c8fdfe9f825f92',
48 silly install resolved        size: 3157637,
48 silly install resolved        noattachment: false,
48 silly install resolved        tarball: 'http://registry.npm.taobao.org/bower/download/bower-1.7.7.tgz' },
48 silly install resolved     maintainers:
48 silly install resolved      [ [Object],
48 silly install resolved        [Object],
48 silly install resolved        [Object],
48 silly install resolved        [Object],
48 silly install resolved        [Object],
48 silly install resolved        [Object],
48 silly install resolved        [Object] ],
48 silly install resolved     directories: {},
48 silly install resolved     publish_time: 1453915428077,
48 silly install resolved     _cnpm_publish_time: 1453915428077,
48 silly install resolved     _resolved: 'https://registry.npm.taobao.org/bower/download/bower-1.7.7.tgz' } ]
49 info install bower@1.7.7 into C:\Program Files\nodejs
50 info installOne bower@1.7.7
51 verbose installOne of bower to C:\Program Files\nodejs not in flight; installing
52 verbose correctMkdir C:\Users\yq\.cnpm\_locks correctMkdir not in flight; initializing
53 verbose lock using C:\Users\yq\.cnpm\_locks\bower-c09afa036a5c141c.lock for C:\Program Files\nodejs\node_modules\bower
54 silly install write writing bower 1.7.7 to C:\Program Files\nodejs\node_modules\bower
55 verbose unbuild node_modules\bower
56 silly gentlyRm C:\Program Files\nodejs\node_modules\bower is being purged from base C:\Program Files\nodejs
57 verbose gentlyRm don't care about contents; nuking C:\Program Files\nodejs\node_modules\bower
58 verbose tar unpack C:\Users\yq\.cnpm\bower\1.7.7\package.tgz
59 verbose tar unpacking to C:\Program Files\nodejs\node_modules\bower
60 silly gentlyRm C:\Program Files\nodejs\node_modules\bower is being purged
61 verbose gentlyRm don't care about contents; nuking C:\Program Files\nodejs\node_modules\bower
62 silly gunzTarPerm modes [ '777', '666' ]
63 error tar.unpack untar error C:\Users\yq\.cnpm\bower\1.7.7\package.tgz
64 verbose unlock done using C:\Users\yq\.cnpm\_locks\bower-c09afa036a5c141c.lock for C:\Program Files\nodejs\node_modules\bower
65 verbose fstream_path C:\Program Files\nodejs\node_modules\bower
66 verbose fstream_type Directory
67 verbose fstream_class DirWriter
68 verbose stack Error: EPERM: operation not permitted, mkdir 'C:\Program Files\nodejs\node_modules\bower'
68 verbose stack     at Error (native)
69 verbose fstream_stack C:\Users\yq\AppData\Roaming\npm\node_modules\cnpm\node_modules\npm\node_modules\fstream\lib\dir-writer.js:35:25
69 verbose fstream_stack C:\Users\yq\AppData\Roaming\npm\node_modules\cnpm\node_modules\npm\node_modules\mkdirp\index.js:47:53
69 verbose fstream_stack FSReqWrap.oncomplete (fs.js:82:15)
70 verbose cwd E:\svn_gitresp\node\zwzhe\trunk\yqExpress\views\back\customer
71 error Windows_NT 10.0.10565
72 error argv "C:\\Program Files\\nodejs\\node.exe" "C:\\Users\\yq\\AppData\\Roaming\\npm\\node_modules\\cnpm\\node_modules\\npm\\bin\\npm-cli.js" "--userconfig=C:\\Users\\yq\\.cnpmrc" "--disturl=https://npm.taobao.org/mirrors/node" "--cache=C:\\Users\\yq\\.cnpm" "--registry=https://registry.npm.taobao.org" "--node-gyp=C:\\Users\\yq\\AppData\\Roaming\\npm\\node_modules\\cnpm\\node_modules\\node-gyp\\bin\\node-gyp.js" "install" "bower" "-g"
73 error node v4.3.1
74 error npm  v2.14.20
75 error path C:\Program Files\nodejs\node_modules\bower
76 error code EPERM
77 error errno -4048
78 error syscall mkdir
79 error Error: EPERM: operation not permitted, mkdir 'C:\Program Files\nodejs\node_modules\bower'
79 error     at Error (native)
79 error  { [Error: EPERM: operation not permitted, mkdir 'C:\Program Files\nodejs\node_modules\bower']
79 error   errno: -4048,
79 error   code: 'EPERM',
79 error   syscall: 'mkdir',
79 error   path: 'C:\\Program Files\\nodejs\\node_modules\\bower',
79 error   fstream_type: 'Directory',
79 error   fstream_path: 'C:\\Program Files\\nodejs\\node_modules\\bower',
79 error   fstream_class: 'DirWriter',
79 error   fstream_stack:
79 error    [ 'C:\\Users\\yq\\AppData\\Roaming\\npm\\node_modules\\cnpm\\node_modules\\npm\\node_modules\\fstream\\lib\\dir-writer.js:35:25',
79 error      'C:\\Users\\yq\\AppData\\Roaming\\npm\\node_modules\\cnpm\\node_modules\\npm\\node_modules\\mkdirp\\index.js:47:53',
79 error      'FSReqWrap.oncomplete (fs.js:82:15)' ] }
80 error Please try running this command again as root/Administrator.
81 verbose exit [ -4048, true ]
82 verbose unbuild node_modules\bower
83 silly gentlyRm C:\Program Files\nodejs\node_modules\bower is being purged from base C:\Program Files\nodejs
84 verbose gentlyRm don't care about contents; nuking C:\Program Files\nodejs\node_modules\bower
